[0.010s] Invoking command in '/home/wsl2/ros2_ws/build/my_package': CMAKE_PREFIX_PATH=${CMAKE_PREFIX_PATH}:/opt/ros/humble /usr/bin/cmake /home/wsl2/ros2_ws/src/my_package -DCMAKE_INSTALL_PREFIX=/home/wsl2/ros2_ws/install/my_package
[0.163s] -- The C compiler identification is GNU 11.4.0
[0.665s] -- The CXX compiler identification is GNU 11.4.0
[0.997s] -- Detecting C compiler ABI info
[1.092s] -- Detecting C compiler ABI info - done
[1.096s] -- Check for working C compiler: /usr/bin/cc - skipped
[1.096s] -- Detecting C compile features
[1.096s] -- Detecting C compile features - done
[1.098s] -- Detecting CXX compiler ABI info
[1.208s] -- Detecting CXX compiler ABI info - done
[1.213s] -- Check for working CXX compiler: /usr/bin/c++ - skipped
[1.213s] -- Detecting CXX compile features
[1.213s] -- Detecting CXX compile features - done
[1.214s] -- Found ament_cmake: 1.3.12 (/opt/ros/humble/share/ament_cmake/cmake)
[1.308s] -- Found Python3: /usr/bin/python3 (found version "3.10.12") found components: Interpreter 
[1.363s] -- Found ament_lint_auto: 0.12.14 (/opt/ros/humble/share/ament_lint_auto/cmake)
[1.418s] -- Added test 'cppcheck' to perform static code analysis on C / C++ code
[1.418s] -- Configured cppcheck include dirs: $<BUILD_INTERFACE:/home/wsl2/ros2_ws/src/my_package/include>
[1.418s] -- Configured cppcheck exclude dirs and/or files: 
[1.419s] -- Added test 'lint_cmake' to check CMake code style
[1.420s] -- Added test 'uncrustify' to check C / C++ code style
[1.420s] -- Configured uncrustify additional arguments: 
[1.421s] -- Added test 'xmllint' to check XML markup files
[1.422s] -- Configuring done
[1.425s] -- Generating done
[1.426s] -- Build files have been written to: /home/wsl2/ros2_ws/build/my_package
[1.429s] Invoked command in '/home/wsl2/ros2_ws/build/my_package' returned '0': CMAKE_PREFIX_PATH=${CMAKE_PREFIX_PATH}:/opt/ros/humble /usr/bin/cmake /home/wsl2/ros2_ws/src/my_package -DCMAKE_INSTALL_PREFIX=/home/wsl2/ros2_ws/install/my_package
[1.430s] Invoking command in '/home/wsl2/ros2_ws/build/my_package': CMAKE_PREFIX_PATH=${CMAKE_PREFIX_PATH}:/opt/ros/humble /usr/bin/cmake --build /home/wsl2/ros2_ws/build/my_package -- -j16 -l16
[1.459s] [ 50%] [32mBuilding CXX object CMakeFiles/my_node.dir/src/my_node.cpp.o[0m
[1.475s] [100%] [32m[1mLinking CXX executable my_node[0m
[1.611s] [100%] Built target my_node
[1.617s] Invoked command in '/home/wsl2/ros2_ws/build/my_package' returned '0': CMAKE_PREFIX_PATH=${CMAKE_PREFIX_PATH}:/opt/ros/humble /usr/bin/cmake --build /home/wsl2/ros2_ws/build/my_package -- -j16 -l16
[1.619s] Invoking command in '/home/wsl2/ros2_ws/build/my_package': CMAKE_PREFIX_PATH=${CMAKE_PREFIX_PATH}:/opt/ros/humble /usr/bin/cmake --install /home/wsl2/ros2_ws/build/my_package
[1.623s] -- Install configuration: ""
[1.623s] -- Installing: /home/wsl2/ros2_ws/install/my_package/lib/my_package/my_node
[1.624s] -- Installing: /home/wsl2/ros2_ws/install/my_package/share/ament_index/resource_index/package_run_dependencies/my_package
[1.624s] -- Installing: /home/wsl2/ros2_ws/install/my_package/share/ament_index/resource_index/parent_prefix_path/my_package
[1.624s] -- Installing: /home/wsl2/ros2_ws/install/my_package/share/my_package/environment/ament_prefix_path.sh
[1.624s] -- Installing: /home/wsl2/ros2_ws/install/my_package/share/my_package/environment/ament_prefix_path.dsv
[1.624s] -- Installing: /home/wsl2/ros2_ws/install/my_package/share/my_package/environment/path.sh
[1.624s] -- Installing: /home/wsl2/ros2_ws/install/my_package/share/my_package/environment/path.dsv
[1.624s] -- Installing: /home/wsl2/ros2_ws/install/my_package/share/my_package/local_setup.bash
[1.624s] -- Installing: /home/wsl2/ros2_ws/install/my_package/share/my_package/local_setup.sh
[1.624s] -- Installing: /home/wsl2/ros2_ws/install/my_package/share/my_package/local_setup.zsh
[1.625s] -- Installing: /home/wsl2/ros2_ws/install/my_package/share/my_package/local_setup.dsv
[1.625s] -- Installing: /home/wsl2/ros2_ws/install/my_package/share/my_package/package.dsv
[1.625s] -- Installing: /home/wsl2/ros2_ws/install/my_package/share/ament_index/resource_index/packages/my_package
[1.625s] -- Installing: /home/wsl2/ros2_ws/install/my_package/share/my_package/cmake/my_packageConfig.cmake
[1.625s] -- Installing: /home/wsl2/ros2_ws/install/my_package/share/my_package/cmake/my_packageConfig-version.cmake
[1.625s] -- Installing: /home/wsl2/ros2_ws/install/my_package/share/my_package/package.xml
[1.627s] Invoked command in '/home/wsl2/ros2_ws/build/my_package' returned '0': CMAKE_PREFIX_PATH=${CMAKE_PREFIX_PATH}:/opt/ros/humble /usr/bin/cmake --install /home/wsl2/ros2_ws/build/my_package
