[0.009s] Invoking command in '/home/wsl2/ros2_ws/build/turtlesim': CMAKE_PREFIX_PATH=/opt/ros/humble /usr/bin/cmake /home/wsl2/ros2_ws/src/ros_tutorials/turtlesim -DCMAKE_INSTALL_PREFIX=/home/wsl2/ros2_ws/install/turtlesim
[0.186s] -- The C compiler identification is GNU 11.4.0
[0.815s] -- The CXX compiler identification is GNU 11.4.0
[1.064s] -- Detecting C compiler ABI info
[1.176s] -- Detecting C compiler ABI info - done
[1.180s] -- Check for working C compiler: /usr/bin/cc - skipped
[1.181s] -- Detecting C compile features
[1.182s] -- Detecting C compile features - done
[1.184s] -- Detecting CXX compiler ABI info
[1.345s] -- Detecting CXX compiler ABI info - done
[1.349s] -- Check for working CXX compiler: /usr/bin/c++ - skipped
[1.350s] -- Detecting CXX compile features
[1.350s] -- Detecting CXX compile features - done
[1.357s] -- Found ament_cmake: 1.3.12 (/opt/ros/humble/share/ament_cmake/cmake)
[1.453s] -- Found Python3: /usr/bin/python3 (found version "3.10.12") found components: Interpreter 
[1.527s] -- Found ament_index_cpp: 1.4.0 (/opt/ros/humble/share/ament_index_cpp/cmake)
[1.530s] -- Found geometry_msgs: 4.9.0 (/opt/ros/humble/share/geometry_msgs/cmake)
[1.727s] -- Found rosidl_generator_c: 3.1.7 (/opt/ros/humble/share/rosidl_generator_c/cmake)
[1.731s] -- Found rosidl_adapter: 3.1.7 (/opt/ros/humble/share/rosidl_adapter/cmake)
[1.739s] -- Found rosidl_generator_cpp: 3.1.7 (/opt/ros/humble/share/rosidl_generator_cpp/cmake)
[1.751s] -- Using all available rosidl_typesupport_c: rosidl_typesupport_fastrtps_c;rosidl_typesupport_introspection_c
[1.766s] -- Using all available rosidl_typesupport_cpp: rosidl_typesupport_fastrtps_cpp;rosidl_typesupport_introspection_cpp
[1.878s] -- Found rclcpp: 16.0.15 (/opt/ros/humble/share/rclcpp/cmake)
[1.917s] -- Found rmw_implementation_cmake: 6.1.2 (/opt/ros/humble/share/rmw_implementation_cmake/cmake)
[1.920s] -- Found rmw_fastrtps_cpp: 6.2.8 (/opt/ros/humble/share/rmw_fastrtps_cpp/cmake)
[3.344s] -- Found OpenSSL: /usr/lib/x86_64-linux-gnu/libcrypto.so (found version "3.0.2")  
[4.532s] -- Found FastRTPS: /opt/ros/humble/include  
[6.791s] -- Using RMW implementation 'rmw_fastrtps_cpp' as default
[6.804s] -- Looking for pthread.h
[6.920s] -- Looking for pthread.h - found
[6.920s] -- Performing Test CMAKE_HAVE_LIBC_PTHREAD
[7.019s] -- Performing Test CMAKE_HAVE_LIBC_PTHREAD - Success
[7.020s] -- Found Threads: TRUE  
[7.058s] -- Found rclcpp_action: 16.0.15 (/opt/ros/humble/share/rclcpp_action/cmake)
[7.095s] -- Found rosidl_default_generators: 1.2.0 (/opt/ros/humble/share/rosidl_default_generators/cmake)
[7.103s] -- Found std_srvs: 4.9.0 (/opt/ros/humble/share/std_srvs/cmake)
[7.312s] -- Found ament_cmake_ros: 0.10.0 (/opt/ros/humble/share/ament_cmake_ros/cmake)
[7.531s] -- Using all available rosidl_typesupport_c: rosidl_typesupport_fastrtps_c;rosidl_typesupport_introspection_c
[7.616s] -- Using all available rosidl_typesupport_cpp: rosidl_typesupport_fastrtps_cpp;rosidl_typesupport_introspection_cpp
[7.713s] -- Found PythonInterp: /usr/bin/python3 (found suitable version "3.10.12", minimum required is "3.6") 
[7.714s] -- Found python_cmake_module: 0.10.0 (/opt/ros/humble/share/python_cmake_module/cmake)
[8.135s] -- Found PythonLibs: /usr/lib/x86_64-linux-gnu/libpython3.10.so (found suitable version "3.10.12", minimum required is "3.5") 
[8.135s] -- Using PYTHON_EXECUTABLE: /usr/bin/python3
[8.135s] -- Using PYTHON_INCLUDE_DIRS: /usr/include/python3.10
[8.135s] -- Using PYTHON_LIBRARIES: /usr/lib/x86_64-linux-gnu/libpython3.10.so
[8.149s] -- Found PythonExtra: .so  
[8.235s] -- Configuring done
[8.284s] -- Generating done
[8.297s] -- Build files have been written to: /home/wsl2/ros2_ws/build/turtlesim
[8.306s] Invoked command in '/home/wsl2/ros2_ws/build/turtlesim' returned '0': CMAKE_PREFIX_PATH=/opt/ros/humble /usr/bin/cmake /home/wsl2/ros2_ws/src/ros_tutorials/turtlesim -DCMAKE_INSTALL_PREFIX=/home/wsl2/ros2_ws/install/turtlesim
[8.308s] Invoking command in '/home/wsl2/ros2_ws/build/turtlesim': CMAKE_PREFIX_PATH=/opt/ros/humble /usr/bin/cmake --build /home/wsl2/ros2_ws/build/turtlesim -- -j16 -l16
[8.335s] [  1%] [34m[1mGenerating C code for ROS interfaces[0m
[8.343s] [  2%] [34m[1mGenerating C++ code for ROS interfaces[0m
[8.347s] [  2%] Built target ament_cmake_python_copy_turtlesim
[8.492s] running egg_info
[8.493s] creating turtlesim.egg-info
[8.493s] writing turtlesim.egg-info/PKG-INFO
[8.494s] writing dependency_links to turtlesim.egg-info/dependency_links.txt
[8.494s] writing top-level names to turtlesim.egg-info/top_level.txt
[8.494s] writing manifest file 'turtlesim.egg-info/SOURCES.txt'
[8.496s] reading manifest file 'turtlesim.egg-info/SOURCES.txt'
[8.496s] writing manifest file 'turtlesim.egg-info/SOURCES.txt'
[8.516s] [  2%] Built target ament_cmake_python_build_turtlesim_egg
[8.922s] [  2%] Built target turtlesim__cpp
[8.930s] [  3%] [34m[1mGenerating C++ type support dispatch for ROS interfaces[0m
[8.930s] [  4%] [34m[1mGenerating C++ type support for eProsima Fast-RTPS[0m
[8.930s] [  5%] [34m[1mGenerating C++ introspection for ROS interfaces[0m
[8.936s] [  6%] [32mBuilding C object CMakeFiles/turtlesim__rosidl_generator_c.dir/rosidl_generator_c/turtlesim/action/detail/rotate_absolute__functions.c.o[0m
[8.940s] [  8%] [32mBuilding C object CMakeFiles/turtlesim__rosidl_generator_c.dir/rosidl_generator_c/turtlesim/msg/detail/pose__functions.c.o[0m
[8.940s] [  8%] [32mBuilding C object CMakeFiles/turtlesim__rosidl_generator_c.dir/rosidl_generator_c/turtlesim/srv/detail/spawn__functions.c.o[0m
[8.940s] [  9%] [32mBuilding C object CMakeFiles/turtlesim__rosidl_generator_c.dir/rosidl_generator_c/turtlesim/srv/detail/kill__functions.c.o[0m
[8.941s] [ 10%] [32mBuilding C object CMakeFiles/turtlesim__rosidl_generator_c.dir/rosidl_generator_c/turtlesim/msg/detail/color__functions.c.o[0m
[8.941s] [ 11%] [32mBuilding C object CMakeFiles/turtlesim__rosidl_generator_c.dir/rosidl_generator_c/turtlesim/srv/detail/teleport_relative__functions.c.o[0m
[8.941s] [ 12%] [32mBuilding C object CMakeFiles/turtlesim__rosidl_generator_c.dir/rosidl_generator_c/turtlesim/srv/detail/set_pen__functions.c.o[0m
[8.942s] [ 13%] [32mBuilding C object CMakeFiles/turtlesim__rosidl_generator_c.dir/rosidl_generator_c/turtlesim/srv/detail/teleport_absolute__functions.c.o[0m
[9.069s] [ 14%] [32m[1mLinking C shared library libturtlesim__rosidl_generator_c.so[0m
[9.191s] [ 14%] Built target turtlesim__rosidl_generator_c
[9.203s] [ 15%] [34m[1mGenerating C type support dispatch for ROS interfaces[0m
[9.203s] [ 16%] [34m[1mGenerating C type support for eProsima Fast-RTPS[0m
[9.204s] [ 17%] [34m[1mGenerating C introspection for ROS interfaces[0m
[9.317s] [ 18%] [32mBuilding CXX object CMakeFiles/turtlesim__rosidl_typesupport_cpp.dir/rosidl_typesupport_cpp/turtlesim/msg/pose__type_support.cpp.o[0m
[9.318s] [ 19%] [32mBuilding CXX object CMakeFiles/turtlesim__rosidl_typesupport_cpp.dir/rosidl_typesupport_cpp/turtlesim/srv/teleport_absolute__type_support.cpp.o[0m
[9.318s] [ 20%] [32mBuilding CXX object CMakeFiles/turtlesim__rosidl_typesupport_cpp.dir/rosidl_typesupport_cpp/turtlesim/srv/set_pen__type_support.cpp.o[0m
[9.318s] [ 22%] [32mBuilding CXX object CMakeFiles/turtlesim__rosidl_typesupport_cpp.dir/rosidl_typesupport_cpp/turtlesim/msg/color__type_support.cpp.o[0m
[9.318s] [ 22%] [32mBuilding CXX object CMakeFiles/turtlesim__rosidl_typesupport_cpp.dir/rosidl_typesupport_cpp/turtlesim/action/rotate_absolute__type_support.cpp.o[0m
[9.319s] [ 23%] [32mBuilding CXX object CMakeFiles/turtlesim__rosidl_typesupport_cpp.dir/rosidl_typesupport_cpp/turtlesim/srv/kill__type_support.cpp.o[0m
[9.320s] [ 25%] [32mBuilding CXX object CMakeFiles/turtlesim__rosidl_typesupport_cpp.dir/rosidl_typesupport_cpp/turtlesim/srv/teleport_relative__type_support.cpp.o[0m
[9.320s] [ 25%] [32mBuilding CXX object CMakeFiles/turtlesim__rosidl_typesupport_cpp.dir/rosidl_typesupport_cpp/turtlesim/srv/spawn__type_support.cpp.o[0m
[9.524s] [ 26%] [32mBuilding CXX object CMakeFiles/turtlesim__rosidl_typesupport_introspection_cpp.dir/rosidl_typesupport_introspection_cpp/turtlesim/action/detail/rotate_absolute__type_support.cpp.o[0m
[9.527s] [ 27%] [32mBuilding CXX object CMakeFiles/turtlesim__rosidl_typesupport_introspection_cpp.dir/rosidl_typesupport_introspection_cpp/turtlesim/msg/detail/pose__type_support.cpp.o[0m
[9.531s] [ 28%] [32mBuilding CXX object CMakeFiles/turtlesim__rosidl_typesupport_introspection_cpp.dir/rosidl_typesupport_introspection_cpp/turtlesim/msg/detail/color__type_support.cpp.o[0m
[9.532s] [ 29%] [32mBuilding CXX object CMakeFiles/turtlesim__rosidl_typesupport_introspection_cpp.dir/rosidl_typesupport_introspection_cpp/turtlesim/srv/detail/kill__type_support.cpp.o[0m
[9.766s] [ 30%] [32mBuilding CXX object CMakeFiles/turtlesim__rosidl_typesupport_introspection_cpp.dir/rosidl_typesupport_introspection_cpp/turtlesim/srv/detail/set_pen__type_support.cpp.o[0m
[9.770s] [ 31%] [32mBuilding CXX object CMakeFiles/turtlesim__rosidl_typesupport_introspection_cpp.dir/rosidl_typesupport_introspection_cpp/turtlesim/srv/detail/spawn__type_support.cpp.o[0m
[9.779s] [ 32%] [32mBuilding CXX object CMakeFiles/turtlesim__rosidl_typesupport_introspection_cpp.dir/rosidl_typesupport_introspection_cpp/turtlesim/srv/detail/teleport_absolute__type_support.cpp.o[0m
[9.801s] [ 33%] [32mBuilding CXX object CMakeFiles/turtlesim__rosidl_typesupport_introspection_cpp.dir/rosidl_typesupport_introspection_cpp/turtlesim/srv/detail/teleport_relative__type_support.cpp.o[0m
[9.825s] [ 34%] [32mBuilding CXX object CMakeFiles/turtlesim__rosidl_typesupport_fastrtps_cpp.dir/rosidl_typesupport_fastrtps_cpp/turtlesim/action/detail/dds_fastrtps/rotate_absolute__type_support.cpp.o[0m
[9.827s] [ 35%] [32mBuilding CXX object CMakeFiles/turtlesim__rosidl_typesupport_fastrtps_cpp.dir/rosidl_typesupport_fastrtps_cpp/turtlesim/msg/detail/dds_fastrtps/pose__type_support.cpp.o[0m
[9.827s] [ 36%] [32mBuilding CXX object CMakeFiles/turtlesim__rosidl_typesupport_fastrtps_cpp.dir/rosidl_typesupport_fastrtps_cpp/turtlesim/msg/detail/dds_fastrtps/color__type_support.cpp.o[0m
[9.838s] [ 37%] [32mBuilding CXX object CMakeFiles/turtlesim__rosidl_typesupport_fastrtps_cpp.dir/rosidl_typesupport_fastrtps_cpp/turtlesim/srv/detail/dds_fastrtps/kill__type_support.cpp.o[0m
[9.843s] [ 38%] [32mBuilding CXX object CMakeFiles/turtlesim__rosidl_typesupport_c.dir/rosidl_typesupport_c/turtlesim/action/rotate_absolute__type_support.cpp.o[0m
[9.932s] [ 39%] [32mBuilding CXX object CMakeFiles/turtlesim__rosidl_typesupport_c.dir/rosidl_typesupport_c/turtlesim/msg/color__type_support.cpp.o[0m
[9.975s] [ 40%] [32mBuilding CXX object CMakeFiles/turtlesim__rosidl_typesupport_c.dir/rosidl_typesupport_c/turtlesim/msg/pose__type_support.cpp.o[0m
[10.031s] [ 41%] [32mBuilding CXX object CMakeFiles/turtlesim__rosidl_typesupport_c.dir/rosidl_typesupport_c/turtlesim/srv/kill__type_support.cpp.o[0m
[10.064s] [ 42%] [32mBuilding CXX object CMakeFiles/turtlesim__rosidl_typesupport_c.dir/rosidl_typesupport_c/turtlesim/srv/set_pen__type_support.cpp.o[0m
[10.087s] [ 43%] [32mBuilding CXX object CMakeFiles/turtlesim__rosidl_typesupport_fastrtps_cpp.dir/rosidl_typesupport_fastrtps_cpp/turtlesim/srv/detail/dds_fastrtps/set_pen__type_support.cpp.o[0m
[10.098s] [ 44%] [32mBuilding CXX object CMakeFiles/turtlesim__rosidl_typesupport_fastrtps_cpp.dir/rosidl_typesupport_fastrtps_cpp/turtlesim/srv/detail/dds_fastrtps/spawn__type_support.cpp.o[0m
[10.111s] [ 45%] [32mBuilding CXX object CMakeFiles/turtlesim__rosidl_typesupport_c.dir/rosidl_typesupport_c/turtlesim/srv/spawn__type_support.cpp.o[0m
[10.154s] [ 46%] [32mBuilding CXX object CMakeFiles/turtlesim__rosidl_typesupport_c.dir/rosidl_typesupport_c/turtlesim/srv/teleport_absolute__type_support.cpp.o[0m
[10.193s] [ 47%] [32m[1mLinking CXX shared library libturtlesim__rosidl_typesupport_cpp.so[0m
[10.197s] [ 48%] [32mBuilding CXX object CMakeFiles/turtlesim__rosidl_typesupport_c.dir/rosidl_typesupport_c/turtlesim/srv/teleport_relative__type_support.cpp.o[0m
[10.224s] [ 49%] [32mBuilding CXX object CMakeFiles/turtlesim__rosidl_typesupport_fastrtps_cpp.dir/rosidl_typesupport_fastrtps_cpp/turtlesim/srv/detail/dds_fastrtps/teleport_absolute__type_support.cpp.o[0m
[10.252s] [ 50%] [32m[1mLinking CXX shared library libturtlesim__rosidl_typesupport_c.so[0m
[10.339s] [ 51%] [32mBuilding C object CMakeFiles/turtlesim__rosidl_typesupport_introspection_c.dir/rosidl_typesupport_introspection_c/turtlesim/action/detail/rotate_absolute__type_support.c.o[0m
[10.363s] [ 52%] [32mBuilding CXX object CMakeFiles/turtlesim__rosidl_typesupport_fastrtps_cpp.dir/rosidl_typesupport_fastrtps_cpp/turtlesim/srv/detail/dds_fastrtps/teleport_relative__type_support.cpp.o[0m
[10.372s] [ 53%] [32mBuilding C object CMakeFiles/turtlesim__rosidl_typesupport_introspection_c.dir/rosidl_typesupport_introspection_c/turtlesim/msg/detail/color__type_support.c.o[0m
[10.382s] [ 54%] [32mBuilding C object CMakeFiles/turtlesim__rosidl_typesupport_introspection_c.dir/rosidl_typesupport_introspection_c/turtlesim/srv/detail/kill__type_support.c.o[0m
[10.383s] [ 55%] [32mBuilding C object CMakeFiles/turtlesim__rosidl_typesupport_introspection_c.dir/rosidl_typesupport_introspection_c/turtlesim/msg/detail/pose__type_support.c.o[0m
[10.385s] [ 55%] Built target turtlesim__rosidl_typesupport_cpp
[10.389s] [ 56%] [32mBuilding CXX object CMakeFiles/turtlesim__rosidl_typesupport_fastrtps_c.dir/rosidl_typesupport_fastrtps_c/turtlesim/action/detail/rotate_absolute__type_support_c.cpp.o[0m
[10.400s] [ 57%] [32mBuilding CXX object CMakeFiles/turtlesim__rosidl_typesupport_fastrtps_c.dir/rosidl_typesupport_fastrtps_c/turtlesim/msg/detail/color__type_support_c.cpp.o[0m
[10.405s] [ 59%] [32mBuilding C object CMakeFiles/turtlesim__rosidl_typesupport_introspection_c.dir/rosidl_typesupport_introspection_c/turtlesim/srv/detail/set_pen__type_support.c.o[0m
[10.405s] [ 59%] [32mBuilding CXX object CMakeFiles/turtlesim__rosidl_typesupport_fastrtps_c.dir/rosidl_typesupport_fastrtps_c/turtlesim/msg/detail/pose__type_support_c.cpp.o[0m
[10.414s] [ 60%] [32mBuilding C object CMakeFiles/turtlesim__rosidl_typesupport_introspection_c.dir/rosidl_typesupport_introspection_c/turtlesim/srv/detail/spawn__type_support.c.o[0m
[10.421s] [ 61%] [32mBuilding CXX object CMakeFiles/turtlesim__rosidl_typesupport_fastrtps_c.dir/rosidl_typesupport_fastrtps_c/turtlesim/srv/detail/kill__type_support_c.cpp.o[0m
[10.424s] [ 62%] [32mBuilding C object CMakeFiles/turtlesim__rosidl_typesupport_introspection_c.dir/rosidl_typesupport_introspection_c/turtlesim/srv/detail/teleport_absolute__type_support.c.o[0m
[10.424s] [ 63%] [32mBuilding CXX object CMakeFiles/turtlesim__rosidl_typesupport_fastrtps_c.dir/rosidl_typesupport_fastrtps_c/turtlesim/srv/detail/set_pen__type_support_c.cpp.o[0m
[10.429s] [ 64%] [32mBuilding CXX object CMakeFiles/turtlesim__rosidl_typesupport_fastrtps_c.dir/rosidl_typesupport_fastrtps_c/turtlesim/srv/detail/spawn__type_support_c.cpp.o[0m
[10.441s] [ 65%] [32m[1mLinking CXX shared library libturtlesim__rosidl_typesupport_introspection_cpp.so[0m
[10.451s] [ 66%] [32mBuilding CXX object CMakeFiles/turtlesim__rosidl_typesupport_fastrtps_c.dir/rosidl_typesupport_fastrtps_c/turtlesim/srv/detail/teleport_absolute__type_support_c.cpp.o[0m
[10.470s] [ 67%] [32mBuilding CXX object CMakeFiles/turtlesim__rosidl_typesupport_fastrtps_c.dir/rosidl_typesupport_fastrtps_c/turtlesim/srv/detail/teleport_relative__type_support_c.cpp.o[0m
[10.472s] [ 68%] [32mBuilding C object CMakeFiles/turtlesim__rosidl_typesupport_introspection_c.dir/rosidl_typesupport_introspection_c/turtlesim/srv/detail/teleport_relative__type_support.c.o[0m
[10.477s] [ 68%] Built target turtlesim__rosidl_typesupport_c
[10.496s] [ 69%] [34m[1mGenerating include/turtlesim/moc_turtle_frame.cpp[0m
[10.524s] [ 70%] [32m[1mLinking C shared library libturtlesim__rosidl_typesupport_introspection_c.so[0m
[10.621s] [ 71%] [32mBuilding CXX object CMakeFiles/turtle_teleop_key.dir/tutorials/teleop_turtle_key.cpp.o[0m
[10.663s] [ 72%] [32mBuilding CXX object CMakeFiles/turtlesim_node.dir/src/turtlesim.cpp.o[0m
[10.679s] [ 72%] Built target turtlesim__rosidl_typesupport_introspection_cpp
[10.683s] [ 73%] [32mBuilding CXX object CMakeFiles/turtlesim_node.dir/src/turtle.cpp.o[0m
[10.703s] [ 74%] [32mBuilding CXX object CMakeFiles/draw_square.dir/tutorials/draw_square.cpp.o[0m
[10.779s] [ 74%] Built target turtlesim__rosidl_typesupport_introspection_c
[10.781s] [ 75%] [32mBuilding CXX object CMakeFiles/turtlesim_node.dir/src/turtle_frame.cpp.o[0m
[10.792s] [ 76%] [32mBuilding CXX object CMakeFiles/turtlesim_node.dir/include/turtlesim/moc_turtle_frame.cpp.o[0m
[10.810s] [ 77%] [32mBuilding CXX object CMakeFiles/mimic.dir/tutorials/mimic.cpp.o[0m
[10.922s] [ 78%] [32m[1mLinking CXX shared library libturtlesim__rosidl_typesupport_fastrtps_cpp.so[0m
[10.955s] [ 79%] [32m[1mLinking CXX shared library libturtlesim__rosidl_typesupport_fastrtps_c.so[0m
[11.124s] [ 79%] Built target turtlesim__rosidl_typesupport_fastrtps_cpp
[11.154s] [ 79%] Built target turtlesim__rosidl_typesupport_fastrtps_c
[11.180s] [ 79%] Built target turtlesim
[11.207s] [ 80%] [34m[1mGenerating Python code for ROS interfaces[0m
[13.000s] [ 80%] Built target turtlesim__py
[13.024s] [ 81%] [32mBuilding C object CMakeFiles/turtlesim__rosidl_generator_py.dir/rosidl_generator_py/turtlesim/msg/_pose_s.c.o[0m
[13.024s] [ 82%] [32mBuilding C object CMakeFiles/turtlesim__rosidl_generator_py.dir/rosidl_generator_py/turtlesim/action/_rotate_absolute_s.c.o[0m
[13.025s] [ 84%] [32mBuilding C object CMakeFiles/turtlesim__rosidl_generator_py.dir/rosidl_generator_py/turtlesim/srv/_teleport_relative_s.c.o[0m
[13.025s] [ 84%] [32mBuilding C object CMakeFiles/turtlesim__rosidl_generator_py.dir/rosidl_generator_py/turtlesim/msg/_color_s.c.o[0m
[13.026s] [ 86%] [32mBuilding C object CMakeFiles/turtlesim__rosidl_generator_py.dir/rosidl_generator_py/turtlesim/srv/_kill_s.c.o[0m
[13.027s] [ 86%] [32mBuilding C object CMakeFiles/turtlesim__rosidl_generator_py.dir/rosidl_generator_py/turtlesim/srv/_set_pen_s.c.o[0m
[13.027s] [ 87%] [32mBuilding C object CMakeFiles/turtlesim__rosidl_generator_py.dir/rosidl_generator_py/turtlesim/srv/_spawn_s.c.o[0m
[13.034s] [ 88%] [32mBuilding C object CMakeFiles/turtlesim__rosidl_generator_py.dir/rosidl_generator_py/turtlesim/srv/_teleport_absolute_s.c.o[0m
[13.271s] [ 89%] [32m[1mLinking C shared library rosidl_generator_py/turtlesim/libturtlesim__rosidl_generator_py.so[0m
[13.422s] [ 89%] Built target turtlesim__rosidl_generator_py
[13.445s] [ 90%] [32mBuilding C object CMakeFiles/turtlesim__rosidl_typesupport_c__pyext.dir/rosidl_generator_py/turtlesim/_turtlesim_s.ep.rosidl_typesupport_c.c.o[0m
[13.445s] [ 91%] [32mBuilding C object CMakeFiles/turtlesim__rosidl_typesupport_fastrtps_c__pyext.dir/rosidl_generator_py/turtlesim/_turtlesim_s.ep.rosidl_typesupport_fastrtps_c.c.o[0m
[13.446s] [ 92%] [32mBuilding C object CMakeFiles/turtlesim__rosidl_typesupport_introspection_c__pyext.dir/rosidl_generator_py/turtlesim/_turtlesim_s.ep.rosidl_typesupport_introspection_c.c.o[0m
[13.626s] [ 93%] [32m[1mLinking C shared library rosidl_generator_py/turtlesim/turtlesim_s__rosidl_typesupport_c.cpython-310-x86_64-linux-gnu.so[0m
[13.633s] [ 94%] [32m[1mLinking C shared library rosidl_generator_py/turtlesim/turtlesim_s__rosidl_typesupport_fastrtps_c.cpython-310-x86_64-linux-gnu.so[0m
[13.644s] [ 95%] [32m[1mLinking C shared library rosidl_generator_py/turtlesim/turtlesim_s__rosidl_typesupport_introspection_c.cpython-310-x86_64-linux-gnu.so[0m
[13.781s] [ 95%] Built target turtlesim__rosidl_typesupport_c__pyext
[13.796s] [ 95%] Built target turtlesim__rosidl_typesupport_fastrtps_c__pyext
[13.809s] [ 95%] Built target turtlesim__rosidl_typesupport_introspection_c__pyext
[17.582s] [ 96%] [32m[1mLinking CXX executable turtle_teleop_key[0m
[17.983s] [ 96%] Built target turtle_teleop_key
[19.548s] [ 97%] [32m[1mLinking CXX executable mimic[0m
[19.957s] [ 97%] Built target mimic
[20.037s] [ 98%] [32m[1mLinking CXX executable draw_square[0m
[20.438s] [ 98%] Built target draw_square
[22.262s] [100%] [32m[1mLinking CXX executable turtlesim_node[0m
[23.869s] [100%] Built target turtlesim_node
[23.880s] Invoked command in '/home/wsl2/ros2_ws/build/turtlesim' returned '0': CMAKE_PREFIX_PATH=/opt/ros/humble /usr/bin/cmake --build /home/wsl2/ros2_ws/build/turtlesim -- -j16 -l16
[23.887s] Invoking command in '/home/wsl2/ros2_ws/build/turtlesim': CMAKE_PREFIX_PATH=/opt/ros/humble /usr/bin/cmake --install /home/wsl2/ros2_ws/build/turtlesim
[23.891s] -- Install configuration: ""
[23.892s] -- Installing: /home/wsl2/ros2_ws/install/turtlesim/share/ament_index/resource_index/rosidl_interfaces/turtlesim
[23.892s] -- Installing: /home/wsl2/ros2_ws/install/turtlesim/include/turtlesim/turtlesim
[23.892s] -- Installing: /home/wsl2/ros2_ws/install/turtlesim/include/turtlesim/turtlesim/msg
[23.893s] -- Installing: /home/wsl2/ros2_ws/install/turtlesim/include/turtlesim/turtlesim/msg/pose.h
[23.893s] -- Installing: /home/wsl2/ros2_ws/install/turtlesim/include/turtlesim/turtlesim/msg/detail
[23.893s] -- Installing: /home/wsl2/ros2_ws/install/turtlesim/include/turtlesim/turtlesim/msg/detail/pose__functions.c
[23.893s] -- Installing: /home/wsl2/ros2_ws/install/turtlesim/include/turtlesim/turtlesim/msg/detail/color__struct.h
[23.893s] -- Installing: /home/wsl2/ros2_ws/install/turtlesim/include/turtlesim/turtlesim/msg/detail/color__functions.h
[23.893s] -- Installing: /home/wsl2/ros2_ws/install/turtlesim/include/turtlesim/turtlesim/msg/detail/pose__functions.h
[23.893s] -- Installing: /home/wsl2/ros2_ws/install/turtlesim/include/turtlesim/turtlesim/msg/detail/color__functions.c
[23.893s] -- Installing: /home/wsl2/ros2_ws/install/turtlesim/include/turtlesim/turtlesim/msg/detail/color__type_support.h
[23.893s] -- Installing: /home/wsl2/ros2_ws/install/turtlesim/include/turtlesim/turtlesim/msg/detail/pose__struct.h
[23.894s] -- Installing: /home/wsl2/ros2_ws/install/turtlesim/include/turtlesim/turtlesim/msg/detail/pose__type_support.h
[23.894s] -- Installing: /home/wsl2/ros2_ws/install/turtlesim/include/turtlesim/turtlesim/msg/color.h
[23.894s] -- Installing: /home/wsl2/ros2_ws/install/turtlesim/include/turtlesim/turtlesim/msg/rosidl_generator_c__visibility_control.h
[23.894s] -- Installing: /home/wsl2/ros2_ws/install/turtlesim/include/turtlesim/turtlesim/srv
[23.894s] -- Installing: /home/wsl2/ros2_ws/install/turtlesim/include/turtlesim/turtlesim/srv/teleport_absolute.h
[23.894s] -- Installing: /home/wsl2/ros2_ws/install/turtlesim/include/turtlesim/turtlesim/srv/kill.h
[23.894s] -- Installing: /home/wsl2/ros2_ws/install/turtlesim/include/turtlesim/turtlesim/srv/set_pen.h
[23.894s] -- Installing: /home/wsl2/ros2_ws/install/turtlesim/include/turtlesim/turtlesim/srv/teleport_relative.h
[23.894s] -- Installing: /home/wsl2/ros2_ws/install/turtlesim/include/turtlesim/turtlesim/srv/spawn.h
[23.894s] -- Installing: /home/wsl2/ros2_ws/install/turtlesim/include/turtlesim/turtlesim/srv/detail
[23.894s] -- Installing: /home/wsl2/ros2_ws/install/turtlesim/include/turtlesim/turtlesim/srv/detail/kill__functions.c
[23.895s] -- Installing: /home/wsl2/ros2_ws/install/turtlesim/include/turtlesim/turtlesim/srv/detail/set_pen__type_support.h
[23.895s] -- Installing: /home/wsl2/ros2_ws/install/turtlesim/include/turtlesim/turtlesim/srv/detail/teleport_absolute__type_support.h
[23.895s] -- Installing: /home/wsl2/ros2_ws/install/turtlesim/include/turtlesim/turtlesim/srv/detail/teleport_absolute__functions.c
[23.895s] -- Installing: /home/wsl2/ros2_ws/install/turtlesim/include/turtlesim/turtlesim/srv/detail/kill__struct.h
[23.895s] -- Installing: /home/wsl2/ros2_ws/install/turtlesim/include/turtlesim/turtlesim/srv/detail/teleport_relative__struct.h
[23.895s] -- Installing: /home/wsl2/ros2_ws/install/turtlesim/include/turtlesim/turtlesim/srv/detail/set_pen__functions.h
[23.895s] -- Installing: /home/wsl2/ros2_ws/install/turtlesim/include/turtlesim/turtlesim/srv/detail/set_pen__functions.c
[23.895s] -- Installing: /home/wsl2/ros2_ws/install/turtlesim/include/turtlesim/turtlesim/srv/detail/kill__functions.h
[23.895s] -- Installing: /home/wsl2/ros2_ws/install/turtlesim/include/turtlesim/turtlesim/srv/detail/spawn__functions.h
[23.895s] -- Installing: /home/wsl2/ros2_ws/install/turtlesim/include/turtlesim/turtlesim/srv/detail/spawn__type_support.h
[23.895s] -- Installing: /home/wsl2/ros2_ws/install/turtlesim/include/turtlesim/turtlesim/srv/detail/teleport_relative__functions.h
[23.895s] -- Installing: /home/wsl2/ros2_ws/install/turtlesim/include/turtlesim/turtlesim/srv/detail/kill__type_support.h
[23.896s] -- Installing: /home/wsl2/ros2_ws/install/turtlesim/include/turtlesim/turtlesim/srv/detail/teleport_relative__type_support.h
[23.896s] -- Installing: /home/wsl2/ros2_ws/install/turtlesim/include/turtlesim/turtlesim/srv/detail/teleport_absolute__functions.h
[23.896s] -- Installing: /home/wsl2/ros2_ws/install/turtlesim/include/turtlesim/turtlesim/srv/detail/teleport_absolute__struct.h
[23.896s] -- Installing: /home/wsl2/ros2_ws/install/turtlesim/include/turtlesim/turtlesim/srv/detail/spawn__struct.h
[23.896s] -- Installing: /home/wsl2/ros2_ws/install/turtlesim/include/turtlesim/turtlesim/srv/detail/teleport_relative__functions.c
[23.896s] -- Installing: /home/wsl2/ros2_ws/install/turtlesim/include/turtlesim/turtlesim/srv/detail/set_pen__struct.h
[23.896s] -- Installing: /home/wsl2/ros2_ws/install/turtlesim/include/turtlesim/turtlesim/srv/detail/spawn__functions.c
[23.896s] -- Installing: /home/wsl2/ros2_ws/install/turtlesim/include/turtlesim/turtlesim/action
[23.896s] -- Installing: /home/wsl2/ros2_ws/install/turtlesim/include/turtlesim/turtlesim/action/rotate_absolute.h
[23.896s] -- Installing: /home/wsl2/ros2_ws/install/turtlesim/include/turtlesim/turtlesim/action/detail
[23.896s] -- Installing: /home/wsl2/ros2_ws/install/turtlesim/include/turtlesim/turtlesim/action/detail/rotate_absolute__struct.h
[23.896s] -- Installing: /home/wsl2/ros2_ws/install/turtlesim/include/turtlesim/turtlesim/action/detail/rotate_absolute__functions.c
[23.896s] -- Installing: /home/wsl2/ros2_ws/install/turtlesim/include/turtlesim/turtlesim/action/detail/rotate_absolute__type_support.h
[23.896s] -- Installing: /home/wsl2/ros2_ws/install/turtlesim/include/turtlesim/turtlesim/action/detail/rotate_absolute__functions.h
[23.896s] -- Installing: /home/wsl2/ros2_ws/install/turtlesim/share/turtlesim/environment/library_path.sh
[23.896s] -- Installing: /home/wsl2/ros2_ws/install/turtlesim/share/turtlesim/environment/library_path.dsv
[23.897s] -- Installing: /home/wsl2/ros2_ws/install/turtlesim/lib/libturtlesim__rosidl_generator_c.so
[23.897s] -- Set runtime path of "/home/wsl2/ros2_ws/install/turtlesim/lib/libturtlesim__rosidl_generator_c.so" to ""
[23.897s] -- Up-to-date: /home/wsl2/ros2_ws/install/turtlesim/include/turtlesim/turtlesim
[23.897s] -- Up-to-date: /home/wsl2/ros2_ws/install/turtlesim/include/turtlesim/turtlesim/msg
[23.897s] -- Up-to-date: /home/wsl2/ros2_ws/install/turtlesim/include/turtlesim/turtlesim/msg/detail
[23.897s] -- Installing: /home/wsl2/ros2_ws/install/turtlesim/include/turtlesim/turtlesim/msg/detail/color__rosidl_typesupport_fastrtps_c.h
[23.898s] -- Installing: /home/wsl2/ros2_ws/install/turtlesim/include/turtlesim/turtlesim/msg/detail/pose__rosidl_typesupport_fastrtps_c.h
[23.898s] -- Installing: /home/wsl2/ros2_ws/install/turtlesim/include/turtlesim/turtlesim/msg/rosidl_typesupport_fastrtps_c__visibility_control.h
[23.898s] -- Up-to-date: /home/wsl2/ros2_ws/install/turtlesim/include/turtlesim/turtlesim/srv
[23.898s] -- Up-to-date: /home/wsl2/ros2_ws/install/turtlesim/include/turtlesim/turtlesim/srv/detail
[23.898s] -- Installing: /home/wsl2/ros2_ws/install/turtlesim/include/turtlesim/turtlesim/srv/detail/set_pen__rosidl_typesupport_fastrtps_c.h
[23.898s] -- Installing: /home/wsl2/ros2_ws/install/turtlesim/include/turtlesim/turtlesim/srv/detail/teleport_relative__rosidl_typesupport_fastrtps_c.h
[23.898s] -- Installing: /home/wsl2/ros2_ws/install/turtlesim/include/turtlesim/turtlesim/srv/detail/spawn__rosidl_typesupport_fastrtps_c.h
[23.898s] -- Installing: /home/wsl2/ros2_ws/install/turtlesim/include/turtlesim/turtlesim/srv/detail/teleport_absolute__rosidl_typesupport_fastrtps_c.h
[23.898s] -- Installing: /home/wsl2/ros2_ws/install/turtlesim/include/turtlesim/turtlesim/srv/detail/kill__rosidl_typesupport_fastrtps_c.h
[23.898s] -- Up-to-date: /home/wsl2/ros2_ws/install/turtlesim/include/turtlesim/turtlesim/action
[23.898s] -- Up-to-date: /home/wsl2/ros2_ws/install/turtlesim/include/turtlesim/turtlesim/action/detail
[23.898s] -- Installing: /home/wsl2/ros2_ws/install/turtlesim/include/turtlesim/turtlesim/action/detail/rotate_absolute__rosidl_typesupport_fastrtps_c.h
[23.898s] -- Installing: /home/wsl2/ros2_ws/install/turtlesim/lib/libturtlesim__rosidl_typesupport_fastrtps_c.so
[23.899s] -- Set runtime path of "/home/wsl2/ros2_ws/install/turtlesim/lib/libturtlesim__rosidl_typesupport_fastrtps_c.so" to ""
[23.899s] -- Up-to-date: /home/wsl2/ros2_ws/install/turtlesim/include/turtlesim/turtlesim
[23.899s] -- Up-to-date: /home/wsl2/ros2_ws/install/turtlesim/include/turtlesim/turtlesim/msg
[23.899s] -- Installing: /home/wsl2/ros2_ws/install/turtlesim/include/turtlesim/turtlesim/msg/rosidl_generator_cpp__visibility_control.hpp
[23.899s] -- Up-to-date: /home/wsl2/ros2_ws/install/turtlesim/include/turtlesim/turtlesim/msg/detail
[23.899s] -- Installing: /home/wsl2/ros2_ws/install/turtlesim/include/turtlesim/turtlesim/msg/detail/pose__traits.hpp
[23.899s] -- Installing: /home/wsl2/ros2_ws/install/turtlesim/include/turtlesim/turtlesim/msg/detail/color__traits.hpp
[23.899s] -- Installing: /home/wsl2/ros2_ws/install/turtlesim/include/turtlesim/turtlesim/msg/detail/pose__builder.hpp
[23.899s] -- Installing: /home/wsl2/ros2_ws/install/turtlesim/include/turtlesim/turtlesim/msg/detail/pose__type_support.hpp
[23.899s] -- Installing: /home/wsl2/ros2_ws/install/turtlesim/include/turtlesim/turtlesim/msg/detail/color__builder.hpp
[23.899s] -- Installing: /home/wsl2/ros2_ws/install/turtlesim/include/turtlesim/turtlesim/msg/detail/color__type_support.hpp
[23.899s] -- Installing: /home/wsl2/ros2_ws/install/turtlesim/include/turtlesim/turtlesim/msg/detail/pose__struct.hpp
[23.899s] -- Installing: /home/wsl2/ros2_ws/install/turtlesim/include/turtlesim/turtlesim/msg/detail/color__struct.hpp
[23.899s] -- Installing: /home/wsl2/ros2_ws/install/turtlesim/include/turtlesim/turtlesim/msg/color.hpp
[23.900s] -- Installing: /home/wsl2/ros2_ws/install/turtlesim/include/turtlesim/turtlesim/msg/pose.hpp
[23.900s] -- Up-to-date: /home/wsl2/ros2_ws/install/turtlesim/include/turtlesim/turtlesim/srv
[23.900s] -- Installing: /home/wsl2/ros2_ws/install/turtlesim/include/turtlesim/turtlesim/srv/kill.hpp
[23.900s] -- Installing: /home/wsl2/ros2_ws/install/turtlesim/include/turtlesim/turtlesim/srv/teleport_relative.hpp
[23.900s] -- Installing: /home/wsl2/ros2_ws/install/turtlesim/include/turtlesim/turtlesim/srv/teleport_absolute.hpp
[23.900s] -- Up-to-date: /home/wsl2/ros2_ws/install/turtlesim/include/turtlesim/turtlesim/srv/detail
[23.900s] -- Installing: /home/wsl2/ros2_ws/install/turtlesim/include/turtlesim/turtlesim/srv/detail/teleport_relative__builder.hpp
[23.900s] -- Installing: /home/wsl2/ros2_ws/install/turtlesim/include/turtlesim/turtlesim/srv/detail/spawn__struct.hpp
[23.900s] -- Installing: /home/wsl2/ros2_ws/install/turtlesim/include/turtlesim/turtlesim/srv/detail/teleport_absolute__type_support.hpp
[23.900s] -- Installing: /home/wsl2/ros2_ws/install/turtlesim/include/turtlesim/turtlesim/srv/detail/teleport_relative__struct.hpp
[23.900s] -- Installing: /home/wsl2/ros2_ws/install/turtlesim/include/turtlesim/turtlesim/srv/detail/spawn__builder.hpp
[23.901s] -- Installing: /home/wsl2/ros2_ws/install/turtlesim/include/turtlesim/turtlesim/srv/detail/spawn__traits.hpp
[23.901s] -- Installing: /home/wsl2/ros2_ws/install/turtlesim/include/turtlesim/turtlesim/srv/detail/teleport_relative__traits.hpp
[23.901s] -- Installing: /home/wsl2/ros2_ws/install/turtlesim/include/turtlesim/turtlesim/srv/detail/teleport_absolute__struct.hpp
[23.901s] -- Installing: /home/wsl2/ros2_ws/install/turtlesim/include/turtlesim/turtlesim/srv/detail/kill__builder.hpp
[23.901s] -- Installing: /home/wsl2/ros2_ws/install/turtlesim/include/turtlesim/turtlesim/srv/detail/kill__struct.hpp
[23.901s] -- Installing: /home/wsl2/ros2_ws/install/turtlesim/include/turtlesim/turtlesim/srv/detail/teleport_absolute__traits.hpp
[23.901s] -- Installing: /home/wsl2/ros2_ws/install/turtlesim/include/turtlesim/turtlesim/srv/detail/set_pen__type_support.hpp
[23.901s] -- Installing: /home/wsl2/ros2_ws/install/turtlesim/include/turtlesim/turtlesim/srv/detail/set_pen__traits.hpp
[23.901s] -- Installing: /home/wsl2/ros2_ws/install/turtlesim/include/turtlesim/turtlesim/srv/detail/kill__traits.hpp
[23.901s] -- Installing: /home/wsl2/ros2_ws/install/turtlesim/include/turtlesim/turtlesim/srv/detail/set_pen__builder.hpp
[23.901s] -- Installing: /home/wsl2/ros2_ws/install/turtlesim/include/turtlesim/turtlesim/srv/detail/spawn__type_support.hpp
[23.902s] -- Installing: /home/wsl2/ros2_ws/install/turtlesim/include/turtlesim/turtlesim/srv/detail/kill__type_support.hpp
[23.902s] -- Installing: /home/wsl2/ros2_ws/install/turtlesim/include/turtlesim/turtlesim/srv/detail/teleport_absolute__builder.hpp
[23.902s] -- Installing: /home/wsl2/ros2_ws/install/turtlesim/include/turtlesim/turtlesim/srv/detail/set_pen__struct.hpp
[23.902s] -- Installing: /home/wsl2/ros2_ws/install/turtlesim/include/turtlesim/turtlesim/srv/detail/teleport_relative__type_support.hpp
[23.902s] -- Installing: /home/wsl2/ros2_ws/install/turtlesim/include/turtlesim/turtlesim/srv/set_pen.hpp
[23.902s] -- Installing: /home/wsl2/ros2_ws/install/turtlesim/include/turtlesim/turtlesim/srv/spawn.hpp
[23.902s] -- Up-to-date: /home/wsl2/ros2_ws/install/turtlesim/include/turtlesim/turtlesim/action
[23.902s] -- Up-to-date: /home/wsl2/ros2_ws/install/turtlesim/include/turtlesim/turtlesim/action/detail
[23.902s] -- Installing: /home/wsl2/ros2_ws/install/turtlesim/include/turtlesim/turtlesim/action/detail/rotate_absolute__type_support.hpp
[23.902s] -- Installing: /home/wsl2/ros2_ws/install/turtlesim/include/turtlesim/turtlesim/action/detail/rotate_absolute__struct.hpp
[23.902s] -- Installing: /home/wsl2/ros2_ws/install/turtlesim/include/turtlesim/turtlesim/action/detail/rotate_absolute__builder.hpp
[23.902s] -- Installing: /home/wsl2/ros2_ws/install/turtlesim/include/turtlesim/turtlesim/action/detail/rotate_absolute__traits.hpp
[23.902s] -- Installing: /home/wsl2/ros2_ws/install/turtlesim/include/turtlesim/turtlesim/action/rotate_absolute.hpp
[23.903s] -- Up-to-date: /home/wsl2/ros2_ws/install/turtlesim/include/turtlesim/turtlesim
[23.903s] -- Up-to-date: /home/wsl2/ros2_ws/install/turtlesim/include/turtlesim/turtlesim/msg
[23.903s] -- Installing: /home/wsl2/ros2_ws/install/turtlesim/include/turtlesim/turtlesim/msg/rosidl_typesupport_fastrtps_cpp__visibility_control.h
[23.903s] -- Up-to-date: /home/wsl2/ros2_ws/install/turtlesim/include/turtlesim/turtlesim/msg/detail
[23.903s] -- Installing: /home/wsl2/ros2_ws/install/turtlesim/include/turtlesim/turtlesim/msg/detail/dds_fastrtps
[23.903s] -- Installing: /home/wsl2/ros2_ws/install/turtlesim/include/turtlesim/turtlesim/msg/detail/pose__rosidl_typesupport_fastrtps_cpp.hpp
[23.903s] -- Installing: /home/wsl2/ros2_ws/install/turtlesim/include/turtlesim/turtlesim/msg/detail/color__rosidl_typesupport_fastrtps_cpp.hpp
[23.903s] -- Up-to-date: /home/wsl2/ros2_ws/install/turtlesim/include/turtlesim/turtlesim/srv
[23.903s] -- Up-to-date: /home/wsl2/ros2_ws/install/turtlesim/include/turtlesim/turtlesim/srv/detail
[23.903s] -- Installing: /home/wsl2/ros2_ws/install/turtlesim/include/turtlesim/turtlesim/srv/detail/dds_fastrtps
[23.903s] -- Installing: /home/wsl2/ros2_ws/install/turtlesim/include/turtlesim/turtlesim/srv/detail/set_pen__rosidl_typesupport_fastrtps_cpp.hpp
[23.903s] -- Installing: /home/wsl2/ros2_ws/install/turtlesim/include/turtlesim/turtlesim/srv/detail/teleport_absolute__rosidl_typesupport_fastrtps_cpp.hpp
[23.904s] -- Installing: /home/wsl2/ros2_ws/install/turtlesim/include/turtlesim/turtlesim/srv/detail/kill__rosidl_typesupport_fastrtps_cpp.hpp
[23.904s] -- Installing: /home/wsl2/ros2_ws/install/turtlesim/include/turtlesim/turtlesim/srv/detail/teleport_relative__rosidl_typesupport_fastrtps_cpp.hpp
[23.904s] -- Installing: /home/wsl2/ros2_ws/install/turtlesim/include/turtlesim/turtlesim/srv/detail/spawn__rosidl_typesupport_fastrtps_cpp.hpp
[23.904s] -- Up-to-date: /home/wsl2/ros2_ws/install/turtlesim/include/turtlesim/turtlesim/action
[23.904s] -- Up-to-date: /home/wsl2/ros2_ws/install/turtlesim/include/turtlesim/turtlesim/action/detail
[23.904s] -- Installing: /home/wsl2/ros2_ws/install/turtlesim/include/turtlesim/turtlesim/action/detail/dds_fastrtps
[23.904s] -- Installing: /home/wsl2/ros2_ws/install/turtlesim/include/turtlesim/turtlesim/action/detail/rotate_absolute__rosidl_typesupport_fastrtps_cpp.hpp
[23.904s] -- Installing: /home/wsl2/ros2_ws/install/turtlesim/lib/libturtlesim__rosidl_typesupport_fastrtps_cpp.so
[23.904s] -- Set runtime path of "/home/wsl2/ros2_ws/install/turtlesim/lib/libturtlesim__rosidl_typesupport_fastrtps_cpp.so" to ""
[23.904s] -- Up-to-date: /home/wsl2/ros2_ws/install/turtlesim/include/turtlesim/turtlesim
[23.904s] -- Up-to-date: /home/wsl2/ros2_ws/install/turtlesim/include/turtlesim/turtlesim/msg
[23.904s] -- Up-to-date: /home/wsl2/ros2_ws/install/turtlesim/include/turtlesim/turtlesim/msg/detail
[23.905s] -- Installing: /home/wsl2/ros2_ws/install/turtlesim/include/turtlesim/turtlesim/msg/detail/color__rosidl_typesupport_introspection_c.h
[23.905s] -- Installing: /home/wsl2/ros2_ws/install/turtlesim/include/turtlesim/turtlesim/msg/detail/pose__type_support.c
[23.905s] -- Installing: /home/wsl2/ros2_ws/install/turtlesim/include/turtlesim/turtlesim/msg/detail/color__type_support.c
[23.905s] -- Installing: /home/wsl2/ros2_ws/install/turtlesim/include/turtlesim/turtlesim/msg/detail/pose__rosidl_typesupport_introspection_c.h
[23.905s] -- Installing: /home/wsl2/ros2_ws/install/turtlesim/include/turtlesim/turtlesim/msg/rosidl_typesupport_introspection_c__visibility_control.h
[23.905s] -- Up-to-date: /home/wsl2/ros2_ws/install/turtlesim/include/turtlesim/turtlesim/srv
[23.905s] -- Up-to-date: /home/wsl2/ros2_ws/install/turtlesim/include/turtlesim/turtlesim/srv/detail
[23.905s] -- Installing: /home/wsl2/ros2_ws/install/turtlesim/include/turtlesim/turtlesim/srv/detail/spawn__rosidl_typesupport_introspection_c.h
[23.905s] -- Installing: /home/wsl2/ros2_ws/install/turtlesim/include/turtlesim/turtlesim/srv/detail/spawn__type_support.c
[23.905s] -- Installing: /home/wsl2/ros2_ws/install/turtlesim/include/turtlesim/turtlesim/srv/detail/teleport_absolute__type_support.c
[23.905s] -- Installing: /home/wsl2/ros2_ws/install/turtlesim/include/turtlesim/turtlesim/srv/detail/set_pen__rosidl_typesupport_introspection_c.h
[23.905s] -- Installing: /home/wsl2/ros2_ws/install/turtlesim/include/turtlesim/turtlesim/srv/detail/set_pen__type_support.c
[23.906s] -- Installing: /home/wsl2/ros2_ws/install/turtlesim/include/turtlesim/turtlesim/srv/detail/kill__rosidl_typesupport_introspection_c.h
[23.906s] -- Installing: /home/wsl2/ros2_ws/install/turtlesim/include/turtlesim/turtlesim/srv/detail/teleport_relative__rosidl_typesupport_introspection_c.h
[23.906s] -- Installing: /home/wsl2/ros2_ws/install/turtlesim/include/turtlesim/turtlesim/srv/detail/teleport_relative__type_support.c
[23.906s] -- Installing: /home/wsl2/ros2_ws/install/turtlesim/include/turtlesim/turtlesim/srv/detail/teleport_absolute__rosidl_typesupport_introspection_c.h
[23.906s] -- Installing: /home/wsl2/ros2_ws/install/turtlesim/include/turtlesim/turtlesim/srv/detail/kill__type_support.c
[23.906s] -- Up-to-date: /home/wsl2/ros2_ws/install/turtlesim/include/turtlesim/turtlesim/action
[23.906s] -- Up-to-date: /home/wsl2/ros2_ws/install/turtlesim/include/turtlesim/turtlesim/action/detail
[23.906s] -- Installing: /home/wsl2/ros2_ws/install/turtlesim/include/turtlesim/turtlesim/action/detail/rotate_absolute__rosidl_typesupport_introspection_c.h
[23.906s] -- Installing: /home/wsl2/ros2_ws/install/turtlesim/include/turtlesim/turtlesim/action/detail/rotate_absolute__type_support.c
[23.906s] -- Installing: /home/wsl2/ros2_ws/install/turtlesim/lib/libturtlesim__rosidl_typesupport_introspection_c.so
[23.906s] -- Set runtime path of "/home/wsl2/ros2_ws/install/turtlesim/lib/libturtlesim__rosidl_typesupport_introspection_c.so" to ""
[23.907s] -- Installing: /home/wsl2/ros2_ws/install/turtlesim/lib/libturtlesim__rosidl_typesupport_c.so
[23.907s] -- Set runtime path of "/home/wsl2/ros2_ws/install/turtlesim/lib/libturtlesim__rosidl_typesupport_c.so" to ""
[23.907s] -- Up-to-date: /home/wsl2/ros2_ws/install/turtlesim/include/turtlesim/turtlesim
[23.907s] -- Up-to-date: /home/wsl2/ros2_ws/install/turtlesim/include/turtlesim/turtlesim/msg
[23.907s] -- Up-to-date: /home/wsl2/ros2_ws/install/turtlesim/include/turtlesim/turtlesim/msg/detail
[23.907s] -- Installing: /home/wsl2/ros2_ws/install/turtlesim/include/turtlesim/turtlesim/msg/detail/color__rosidl_typesupport_introspection_cpp.hpp
[23.907s] -- Installing: /home/wsl2/ros2_ws/install/turtlesim/include/turtlesim/turtlesim/msg/detail/color__type_support.cpp
[23.907s] -- Installing: /home/wsl2/ros2_ws/install/turtlesim/include/turtlesim/turtlesim/msg/detail/pose__rosidl_typesupport_introspection_cpp.hpp
[23.907s] -- Installing: /home/wsl2/ros2_ws/install/turtlesim/include/turtlesim/turtlesim/msg/detail/pose__type_support.cpp
[23.907s] -- Up-to-date: /home/wsl2/ros2_ws/install/turtlesim/include/turtlesim/turtlesim/srv
[23.907s] -- Up-to-date: /home/wsl2/ros2_ws/install/turtlesim/include/turtlesim/turtlesim/srv/detail
[23.907s] -- Installing: /home/wsl2/ros2_ws/install/turtlesim/include/turtlesim/turtlesim/srv/detail/spawn__rosidl_typesupport_introspection_cpp.hpp
[23.907s] -- Installing: /home/wsl2/ros2_ws/install/turtlesim/include/turtlesim/turtlesim/srv/detail/teleport_absolute__rosidl_typesupport_introspection_cpp.hpp
[23.907s] -- Installing: /home/wsl2/ros2_ws/install/turtlesim/include/turtlesim/turtlesim/srv/detail/teleport_relative__type_support.cpp
[23.907s] -- Installing: /home/wsl2/ros2_ws/install/turtlesim/include/turtlesim/turtlesim/srv/detail/teleport_relative__rosidl_typesupport_introspection_cpp.hpp
[23.907s] -- Installing: /home/wsl2/ros2_ws/install/turtlesim/include/turtlesim/turtlesim/srv/detail/kill__rosidl_typesupport_introspection_cpp.hpp
[23.907s] -- Installing: /home/wsl2/ros2_ws/install/turtlesim/include/turtlesim/turtlesim/srv/detail/kill__type_support.cpp
[23.907s] -- Installing: /home/wsl2/ros2_ws/install/turtlesim/include/turtlesim/turtlesim/srv/detail/set_pen__type_support.cpp
[23.907s] -- Installing: /home/wsl2/ros2_ws/install/turtlesim/include/turtlesim/turtlesim/srv/detail/set_pen__rosidl_typesupport_introspection_cpp.hpp
[23.907s] -- Installing: /home/wsl2/ros2_ws/install/turtlesim/include/turtlesim/turtlesim/srv/detail/spawn__type_support.cpp
[23.907s] -- Installing: /home/wsl2/ros2_ws/install/turtlesim/include/turtlesim/turtlesim/srv/detail/teleport_absolute__type_support.cpp
[23.907s] -- Up-to-date: /home/wsl2/ros2_ws/install/turtlesim/include/turtlesim/turtlesim/action
[23.907s] -- Up-to-date: /home/wsl2/ros2_ws/install/turtlesim/include/turtlesim/turtlesim/action/detail
[23.907s] -- Installing: /home/wsl2/ros2_ws/install/turtlesim/include/turtlesim/turtlesim/action/detail/rotate_absolute__rosidl_typesupport_introspection_cpp.hpp
[23.907s] -- Installing: /home/wsl2/ros2_ws/install/turtlesim/include/turtlesim/turtlesim/action/detail/rotate_absolute__type_support.cpp
[23.907s] -- Installing: /home/wsl2/ros2_ws/install/turtlesim/lib/libturtlesim__rosidl_typesupport_introspection_cpp.so
[23.907s] -- Set runtime path of "/home/wsl2/ros2_ws/install/turtlesim/lib/libturtlesim__rosidl_typesupport_introspection_cpp.so" to ""
[23.908s] -- Installing: /home/wsl2/ros2_ws/install/turtlesim/lib/libturtlesim__rosidl_typesupport_cpp.so
[23.908s] -- Set runtime path of "/home/wsl2/ros2_ws/install/turtlesim/lib/libturtlesim__rosidl_typesupport_cpp.so" to ""
[23.908s] -- Installing: /home/wsl2/ros2_ws/install/turtlesim/share/turtlesim/environment/pythonpath.sh
[23.908s] -- Installing: /home/wsl2/ros2_ws/install/turtlesim/share/turtlesim/environment/pythonpath.dsv
[23.908s] -- Installing: /home/wsl2/ros2_ws/install/turtlesim/local/lib/python3.10/dist-packages/turtlesim-1.4.3-py3.10.egg-info
[23.908s] -- Installing: /home/wsl2/ros2_ws/install/turtlesim/local/lib/python3.10/dist-packages/turtlesim-1.4.3-py3.10.egg-info/dependency_links.txt
[23.908s] -- Installing: /home/wsl2/ros2_ws/install/turtlesim/local/lib/python3.10/dist-packages/turtlesim-1.4.3-py3.10.egg-info/PKG-INFO
[23.908s] -- Installing: /home/wsl2/ros2_ws/install/turtlesim/local/lib/python3.10/dist-packages/turtlesim-1.4.3-py3.10.egg-info/SOURCES.txt
[23.908s] -- Installing: /home/wsl2/ros2_ws/install/turtlesim/local/lib/python3.10/dist-packages/turtlesim-1.4.3-py3.10.egg-info/top_level.txt
[23.908s] -- Installing: /home/wsl2/ros2_ws/install/turtlesim/local/lib/python3.10/dist-packages/turtlesim
[23.908s] -- Installing: /home/wsl2/ros2_ws/install/turtlesim/local/lib/python3.10/dist-packages/turtlesim/_turtlesim_s.ep.rosidl_typesupport_introspection_c.c
[23.908s] -- Installing: /home/wsl2/ros2_ws/install/turtlesim/local/lib/python3.10/dist-packages/turtlesim/turtlesim_s__rosidl_typesupport_c.cpython-310-x86_64-linux-gnu.so
[23.908s] -- Installing: /home/wsl2/ros2_ws/install/turtlesim/local/lib/python3.10/dist-packages/turtlesim/libturtlesim__rosidl_generator_py.so
[23.909s] -- Installing: /home/wsl2/ros2_ws/install/turtlesim/local/lib/python3.10/dist-packages/turtlesim/__init__.py
[23.909s] -- Installing: /home/wsl2/ros2_ws/install/turtlesim/local/lib/python3.10/dist-packages/turtlesim/turtlesim_s__rosidl_typesupport_introspection_c.cpython-310-x86_64-linux-gnu.so
[23.909s] -- Installing: /home/wsl2/ros2_ws/install/turtlesim/local/lib/python3.10/dist-packages/turtlesim/msg
[23.909s] -- Installing: /home/wsl2/ros2_ws/install/turtlesim/local/lib/python3.10/dist-packages/turtlesim/msg/_color_s.c
[23.909s] -- Installing: /home/wsl2/ros2_ws/install/turtlesim/local/lib/python3.10/dist-packages/turtlesim/msg/_pose_s.c
[23.909s] -- Installing: /home/wsl2/ros2_ws/install/turtlesim/local/lib/python3.10/dist-packages/turtlesim/msg/_pose.py
[23.909s] -- Installing: /home/wsl2/ros2_ws/install/turtlesim/local/lib/python3.10/dist-packages/turtlesim/msg/__init__.py
[23.909s] -- Installing: /home/wsl2/ros2_ws/install/turtlesim/local/lib/python3.10/dist-packages/turtlesim/msg/_color.py
[23.909s] -- Installing: /home/wsl2/ros2_ws/install/turtlesim/local/lib/python3.10/dist-packages/turtlesim/_turtlesim_s.ep.rosidl_typesupport_fastrtps_c.c
[23.909s] -- Installing: /home/wsl2/ros2_ws/install/turtlesim/local/lib/python3.10/dist-packages/turtlesim/_turtlesim_s.ep.rosidl_typesupport_c.c
[23.909s] -- Installing: /home/wsl2/ros2_ws/install/turtlesim/local/lib/python3.10/dist-packages/turtlesim/turtlesim_s__rosidl_typesupport_fastrtps_c.cpython-310-x86_64-linux-gnu.so
[23.909s] -- Installing: /home/wsl2/ros2_ws/install/turtlesim/local/lib/python3.10/dist-packages/turtlesim/srv
[23.909s] -- Installing: /home/wsl2/ros2_ws/install/turtlesim/local/lib/python3.10/dist-packages/turtlesim/srv/_teleport_absolute.py
[23.909s] -- Installing: /home/wsl2/ros2_ws/install/turtlesim/local/lib/python3.10/dist-packages/turtlesim/srv/_kill_s.c
[23.910s] -- Installing: /home/wsl2/ros2_ws/install/turtlesim/local/lib/python3.10/dist-packages/turtlesim/srv/_kill.py
[23.910s] -- Installing: /home/wsl2/ros2_ws/install/turtlesim/local/lib/python3.10/dist-packages/turtlesim/srv/_teleport_absolute_s.c
[23.910s] -- Installing: /home/wsl2/ros2_ws/install/turtlesim/local/lib/python3.10/dist-packages/turtlesim/srv/_set_pen_s.c
[23.910s] -- Installing: /home/wsl2/ros2_ws/install/turtlesim/local/lib/python3.10/dist-packages/turtlesim/srv/_teleport_relative.py
[23.910s] -- Installing: /home/wsl2/ros2_ws/install/turtlesim/local/lib/python3.10/dist-packages/turtlesim/srv/_teleport_relative_s.c
[23.910s] -- Installing: /home/wsl2/ros2_ws/install/turtlesim/local/lib/python3.10/dist-packages/turtlesim/srv/__init__.py
[23.910s] -- Installing: /home/wsl2/ros2_ws/install/turtlesim/local/lib/python3.10/dist-packages/turtlesim/srv/_set_pen.py
[23.910s] -- Installing: /home/wsl2/ros2_ws/install/turtlesim/local/lib/python3.10/dist-packages/turtlesim/srv/_spawn_s.c
[23.910s] -- Installing: /home/wsl2/ros2_ws/install/turtlesim/local/lib/python3.10/dist-packages/turtlesim/srv/_spawn.py
[23.910s] -- Installing: /home/wsl2/ros2_ws/install/turtlesim/local/lib/python3.10/dist-packages/turtlesim/action
[23.910s] -- Installing: /home/wsl2/ros2_ws/install/turtlesim/local/lib/python3.10/dist-packages/turtlesim/action/_rotate_absolute_s.c
[23.910s] -- Installing: /home/wsl2/ros2_ws/install/turtlesim/local/lib/python3.10/dist-packages/turtlesim/action/_rotate_absolute.py
[23.910s] -- Installing: /home/wsl2/ros2_ws/install/turtlesim/local/lib/python3.10/dist-packages/turtlesim/action/__init__.py
[23.944s] Listing '/home/wsl2/ros2_ws/install/turtlesim/local/lib/python3.10/dist-packages/turtlesim'...
[23.944s] Compiling '/home/wsl2/ros2_ws/install/turtlesim/local/lib/python3.10/dist-packages/turtlesim/__init__.py'...
[23.944s] Listing '/home/wsl2/ros2_ws/install/turtlesim/local/lib/python3.10/dist-packages/turtlesim/action'...
[23.944s] Compiling '/home/wsl2/ros2_ws/install/turtlesim/local/lib/python3.10/dist-packages/turtlesim/action/__init__.py'...
[23.944s] Compiling '/home/wsl2/ros2_ws/install/turtlesim/local/lib/python3.10/dist-packages/turtlesim/action/_rotate_absolute.py'...
[23.944s] Listing '/home/wsl2/ros2_ws/install/turtlesim/local/lib/python3.10/dist-packages/turtlesim/msg'...
[23.944s] Compiling '/home/wsl2/ros2_ws/install/turtlesim/local/lib/python3.10/dist-packages/turtlesim/msg/__init__.py'...
[23.944s] Compiling '/home/wsl2/ros2_ws/install/turtlesim/local/lib/python3.10/dist-packages/turtlesim/msg/_color.py'...
[23.944s] Compiling '/home/wsl2/ros2_ws/install/turtlesim/local/lib/python3.10/dist-packages/turtlesim/msg/_pose.py'...
[23.944s] Listing '/home/wsl2/ros2_ws/install/turtlesim/local/lib/python3.10/dist-packages/turtlesim/srv'...
[23.944s] Compiling '/home/wsl2/ros2_ws/install/turtlesim/local/lib/python3.10/dist-packages/turtlesim/srv/__init__.py'...
[23.944s] Compiling '/home/wsl2/ros2_ws/install/turtlesim/local/lib/python3.10/dist-packages/turtlesim/srv/_kill.py'...
[23.944s] Compiling '/home/wsl2/ros2_ws/install/turtlesim/local/lib/python3.10/dist-packages/turtlesim/srv/_set_pen.py'...
[23.944s] Compiling '/home/wsl2/ros2_ws/install/turtlesim/local/lib/python3.10/dist-packages/turtlesim/srv/_spawn.py'...
[23.944s] Compiling '/home/wsl2/ros2_ws/install/turtlesim/local/lib/python3.10/dist-packages/turtlesim/srv/_teleport_absolute.py'...
[23.944s] Compiling '/home/wsl2/ros2_ws/install/turtlesim/local/lib/python3.10/dist-packages/turtlesim/srv/_teleport_relative.py'...
[23.947s] -- Installing: /home/wsl2/ros2_ws/install/turtlesim/local/lib/python3.10/dist-packages/turtlesim/turtlesim_s__rosidl_typesupport_fastrtps_c.cpython-310-x86_64-linux-gnu.so
[23.947s] -- Set runtime path of "/home/wsl2/ros2_ws/install/turtlesim/local/lib/python3.10/dist-packages/turtlesim/turtlesim_s__rosidl_typesupport_fastrtps_c.cpython-310-x86_64-linux-gnu.so" to ""
[23.947s] -- Installing: /home/wsl2/ros2_ws/install/turtlesim/local/lib/python3.10/dist-packages/turtlesim/turtlesim_s__rosidl_typesupport_introspection_c.cpython-310-x86_64-linux-gnu.so
[23.948s] -- Set runtime path of "/home/wsl2/ros2_ws/install/turtlesim/local/lib/python3.10/dist-packages/turtlesim/turtlesim_s__rosidl_typesupport_introspection_c.cpython-310-x86_64-linux-gnu.so" to ""
[23.948s] -- Installing: /home/wsl2/ros2_ws/install/turtlesim/local/lib/python3.10/dist-packages/turtlesim/turtlesim_s__rosidl_typesupport_c.cpython-310-x86_64-linux-gnu.so
[23.948s] -- Set runtime path of "/home/wsl2/ros2_ws/install/turtlesim/local/lib/python3.10/dist-packages/turtlesim/turtlesim_s__rosidl_typesupport_c.cpython-310-x86_64-linux-gnu.so" to ""
[23.948s] -- Installing: /home/wsl2/ros2_ws/install/turtlesim/lib/libturtlesim__rosidl_generator_py.so
[23.948s] -- Set runtime path of "/home/wsl2/ros2_ws/install/turtlesim/lib/libturtlesim__rosidl_generator_py.so" to ""
[23.948s] -- Installing: /home/wsl2/ros2_ws/install/turtlesim/share/turtlesim/action/RotateAbsolute.idl
[23.949s] -- Installing: /home/wsl2/ros2_ws/install/turtlesim/share/turtlesim/msg/Color.idl
[23.949s] -- Installing: /home/wsl2/ros2_ws/install/turtlesim/share/turtlesim/msg/Pose.idl
[23.949s] -- Installing: /home/wsl2/ros2_ws/install/turtlesim/share/turtlesim/srv/Kill.idl
[23.949s] -- Installing: /home/wsl2/ros2_ws/install/turtlesim/share/turtlesim/srv/SetPen.idl
[23.949s] -- Installing: /home/wsl2/ros2_ws/install/turtlesim/share/turtlesim/srv/Spawn.idl
[23.949s] -- Installing: /home/wsl2/ros2_ws/install/turtlesim/share/turtlesim/srv/TeleportAbsolute.idl
[23.949s] -- Installing: /home/wsl2/ros2_ws/install/turtlesim/share/turtlesim/srv/TeleportRelative.idl
[23.949s] -- Installing: /home/wsl2/ros2_ws/install/turtlesim/share/turtlesim/action/RotateAbsolute.action
[23.949s] -- Installing: /home/wsl2/ros2_ws/install/turtlesim/share/turtlesim/msg/Color.msg
[23.949s] -- Installing: /home/wsl2/ros2_ws/install/turtlesim/share/turtlesim/msg/Pose.msg
[23.949s] -- Installing: /home/wsl2/ros2_ws/install/turtlesim/share/turtlesim/srv/Kill.srv
[23.950s] -- Installing: /home/wsl2/ros2_ws/install/turtlesim/share/turtlesim/srv/Kill_Request.msg
[23.950s] -- Installing: /home/wsl2/ros2_ws/install/turtlesim/share/turtlesim/srv/Kill_Response.msg
[23.950s] -- Installing: /home/wsl2/ros2_ws/install/turtlesim/share/turtlesim/srv/SetPen.srv
[23.950s] -- Installing: /home/wsl2/ros2_ws/install/turtlesim/share/turtlesim/srv/SetPen_Request.msg
[23.950s] -- Installing: /home/wsl2/ros2_ws/install/turtlesim/share/turtlesim/srv/SetPen_Response.msg
[23.950s] -- Installing: /home/wsl2/ros2_ws/install/turtlesim/share/turtlesim/srv/Spawn.srv
[23.950s] -- Installing: /home/wsl2/ros2_ws/install/turtlesim/share/turtlesim/srv/Spawn_Request.msg
[23.950s] -- Installing: /home/wsl2/ros2_ws/install/turtlesim/share/turtlesim/srv/Spawn_Response.msg
[23.950s] -- Installing: /home/wsl2/ros2_ws/install/turtlesim/share/turtlesim/srv/TeleportAbsolute.srv
[23.950s] -- Installing: /home/wsl2/ros2_ws/install/turtlesim/share/turtlesim/srv/TeleportAbsolute_Request.msg
[23.950s] -- Installing: /home/wsl2/ros2_ws/install/turtlesim/share/turtlesim/srv/TeleportAbsolute_Response.msg
[23.950s] -- Installing: /home/wsl2/ros2_ws/install/turtlesim/share/turtlesim/srv/TeleportRelative.srv
[23.950s] -- Installing: /home/wsl2/ros2_ws/install/turtlesim/share/turtlesim/srv/TeleportRelative_Request.msg
[23.951s] -- Installing: /home/wsl2/ros2_ws/install/turtlesim/share/turtlesim/srv/TeleportRelative_Response.msg
[23.951s] -- Installing: /home/wsl2/ros2_ws/install/turtlesim/lib/turtlesim/turtlesim_node
[23.955s] -- Set runtime path of "/home/wsl2/ros2_ws/install/turtlesim/lib/turtlesim/turtlesim_node" to ""
[23.955s] -- Installing: /home/wsl2/ros2_ws/install/turtlesim/lib/turtlesim/turtle_teleop_key
[23.956s] -- Set runtime path of "/home/wsl2/ros2_ws/install/turtlesim/lib/turtlesim/turtle_teleop_key" to ""
[23.956s] -- Installing: /home/wsl2/ros2_ws/install/turtlesim/lib/turtlesim/draw_square
[23.958s] -- Set runtime path of "/home/wsl2/ros2_ws/install/turtlesim/lib/turtlesim/draw_square" to ""
[23.958s] -- Installing: /home/wsl2/ros2_ws/install/turtlesim/lib/turtlesim/mimic
[23.960s] -- Set runtime path of "/home/wsl2/ros2_ws/install/turtlesim/lib/turtlesim/mimic" to ""
[23.960s] -- Installing: /home/wsl2/ros2_ws/install/turtlesim/share/turtlesim/images
[23.960s] -- Installing: /home/wsl2/ros2_ws/install/turtlesim/share/turtlesim/images/ardent.png
[23.960s] -- Installing: /home/wsl2/ros2_ws/install/turtlesim/share/turtlesim/images/rolling.png
[23.960s] -- Installing: /home/wsl2/ros2_ws/install/turtlesim/share/turtlesim/images/crystal.png
[23.960s] -- Installing: /home/wsl2/ros2_ws/install/turtlesim/share/turtlesim/images/bouncy.png
[23.960s] -- Installing: /home/wsl2/ros2_ws/install/turtlesim/share/turtlesim/images/humble.png
[23.960s] -- Installing: /home/wsl2/ros2_ws/install/turtlesim/share/turtlesim/images/galactic.png
[23.960s] -- Installing: /home/wsl2/ros2_ws/install/turtlesim/share/turtlesim/images/dashing.png
[23.960s] -- Installing: /home/wsl2/ros2_ws/install/turtlesim/share/turtlesim/images/eloquent.png
[23.960s] -- Installing: /home/wsl2/ros2_ws/install/turtlesim/share/turtlesim/images/foxy.png
[23.960s] -- Installing: /home/wsl2/ros2_ws/install/turtlesim/share/turtlesim/launch
[23.960s] -- Installing: /home/wsl2/ros2_ws/install/turtlesim/share/turtlesim/launch/multisim.launch.py
[23.961s] -- Installing: /home/wsl2/ros2_ws/install/turtlesim/share/ament_index/resource_index/package_run_dependencies/turtlesim
[23.961s] -- Installing: /home/wsl2/ros2_ws/install/turtlesim/share/ament_index/resource_index/parent_prefix_path/turtlesim
[23.961s] -- Installing: /home/wsl2/ros2_ws/install/turtlesim/share/turtlesim/environment/ament_prefix_path.sh
[23.961s] -- Installing: /home/wsl2/ros2_ws/install/turtlesim/share/turtlesim/environment/ament_prefix_path.dsv
[23.961s] -- Installing: /home/wsl2/ros2_ws/install/turtlesim/share/turtlesim/environment/path.sh
[23.961s] -- Installing: /home/wsl2/ros2_ws/install/turtlesim/share/turtlesim/environment/path.dsv
[23.962s] -- Installing: /home/wsl2/ros2_ws/install/turtlesim/share/turtlesim/local_setup.bash
[23.962s] -- Installing: /home/wsl2/ros2_ws/install/turtlesim/share/turtlesim/local_setup.sh
[23.962s] -- Installing: /home/wsl2/ros2_ws/install/turtlesim/share/turtlesim/local_setup.zsh
[23.962s] -- Installing: /home/wsl2/ros2_ws/install/turtlesim/share/turtlesim/local_setup.dsv
[23.962s] -- Installing: /home/wsl2/ros2_ws/install/turtlesim/share/turtlesim/package.dsv
[23.962s] -- Installing: /home/wsl2/ros2_ws/install/turtlesim/share/ament_index/resource_index/packages/turtlesim
[23.962s] -- Installing: /home/wsl2/ros2_ws/install/turtlesim/share/turtlesim/cmake/export_turtlesim__rosidl_generator_cExport.cmake
[23.962s] -- Installing: /home/wsl2/ros2_ws/install/turtlesim/share/turtlesim/cmake/export_turtlesim__rosidl_generator_cExport-noconfig.cmake
[23.962s] -- Installing: /home/wsl2/ros2_ws/install/turtlesim/share/turtlesim/cmake/export_turtlesim__rosidl_typesupport_fastrtps_cExport.cmake
[23.963s] -- Installing: /home/wsl2/ros2_ws/install/turtlesim/share/turtlesim/cmake/export_turtlesim__rosidl_typesupport_fastrtps_cExport-noconfig.cmake
[23.963s] -- Installing: /home/wsl2/ros2_ws/install/turtlesim/share/turtlesim/cmake/export_turtlesim__rosidl_generator_cppExport.cmake
[23.963s] -- Installing: /home/wsl2/ros2_ws/install/turtlesim/share/turtlesim/cmake/export_turtlesim__rosidl_typesupport_fastrtps_cppExport.cmake
[23.963s] -- Installing: /home/wsl2/ros2_ws/install/turtlesim/share/turtlesim/cmake/export_turtlesim__rosidl_typesupport_fastrtps_cppExport-noconfig.cmake
[23.963s] -- Installing: /home/wsl2/ros2_ws/install/turtlesim/share/turtlesim/cmake/turtlesim__rosidl_typesupport_introspection_cExport.cmake
[23.963s] -- Installing: /home/wsl2/ros2_ws/install/turtlesim/share/turtlesim/cmake/turtlesim__rosidl_typesupport_introspection_cExport-noconfig.cmake
[23.963s] -- Installing: /home/wsl2/ros2_ws/install/turtlesim/share/turtlesim/cmake/turtlesim__rosidl_typesupport_cExport.cmake
[23.963s] -- Installing: /home/wsl2/ros2_ws/install/turtlesim/share/turtlesim/cmake/turtlesim__rosidl_typesupport_cExport-noconfig.cmake
[23.964s] -- Installing: /home/wsl2/ros2_ws/install/turtlesim/share/turtlesim/cmake/turtlesim__rosidl_typesupport_introspection_cppExport.cmake
[23.964s] -- Installing: /home/wsl2/ros2_ws/install/turtlesim/share/turtlesim/cmake/turtlesim__rosidl_typesupport_introspection_cppExport-noconfig.cmake
[23.964s] -- Installing: /home/wsl2/ros2_ws/install/turtlesim/share/turtlesim/cmake/turtlesim__rosidl_typesupport_cppExport.cmake
[23.964s] -- Installing: /home/wsl2/ros2_ws/install/turtlesim/share/turtlesim/cmake/turtlesim__rosidl_typesupport_cppExport-noconfig.cmake
[23.964s] -- Installing: /home/wsl2/ros2_ws/install/turtlesim/share/turtlesim/cmake/export_turtlesim__rosidl_generator_pyExport.cmake
[23.964s] -- Installing: /home/wsl2/ros2_ws/install/turtlesim/share/turtlesim/cmake/export_turtlesim__rosidl_generator_pyExport-noconfig.cmake
[23.964s] -- Installing: /home/wsl2/ros2_ws/install/turtlesim/share/turtlesim/cmake/rosidl_cmake-extras.cmake
[23.964s] -- Installing: /home/wsl2/ros2_ws/install/turtlesim/share/turtlesim/cmake/ament_cmake_export_dependencies-extras.cmake
[23.964s] -- Installing: /home/wsl2/ros2_ws/install/turtlesim/share/turtlesim/cmake/ament_cmake_export_include_directories-extras.cmake
[23.964s] -- Installing: /home/wsl2/ros2_ws/install/turtlesim/share/turtlesim/cmake/ament_cmake_export_libraries-extras.cmake
[23.964s] -- Installing: /home/wsl2/ros2_ws/install/turtlesim/share/turtlesim/cmake/ament_cmake_export_targets-extras.cmake
[23.964s] -- Installing: /home/wsl2/ros2_ws/install/turtlesim/share/turtlesim/cmake/rosidl_cmake_export_typesupport_targets-extras.cmake
[23.964s] -- Installing: /home/wsl2/ros2_ws/install/turtlesim/share/turtlesim/cmake/rosidl_cmake_export_typesupport_libraries-extras.cmake
[23.964s] -- Installing: /home/wsl2/ros2_ws/install/turtlesim/share/turtlesim/cmake/turtlesimConfig.cmake
[23.965s] -- Installing: /home/wsl2/ros2_ws/install/turtlesim/share/turtlesim/cmake/turtlesimConfig-version.cmake
[23.965s] -- Installing: /home/wsl2/ros2_ws/install/turtlesim/share/turtlesim/package.xml
[23.967s] Invoked command in '/home/wsl2/ros2_ws/build/turtlesim' returned '0': CMAKE_PREFIX_PATH=/opt/ros/humble /usr/bin/cmake --install /home/wsl2/ros2_ws/build/turtlesim
